sublibrary/proguard-rules.pro
# Add project specific ProGuard rules here.
# By default, the flags in this file are appended to flags specified
# in E:\Users\xlc\AppData\Local\Android\sdk/tools/proguard/proguard-android.txt
# You can edit the include path and order by changing the proguardFiles
# directive in build.gradle.
#
# For more details, see
#   http://developer.android.com/guide/developing/tools/proguard.html

# Add any project specific keep options here:

# If your project uses WebView with JS, uncomment the following
# and specify the fully qualified class name to the JavaScript interface
# class:


#引入依赖包rt.jar（jdk路径）(注意：如在makeJar的时候提示指定了两次，可以将其注释掉)
-libraryjars 'C:\Program Files\Java\jdk1.8.0_131\jre\lib\rt.jar'

-keepclassmembers class fqcn.of.javascript.interface.for.webview {
   public *;
}
#表示混淆时不使用大小写混合类名
-dontusemixedcaseclassnames
#表示不跳过library中的非public的类
-dontskipnonpubliclibraryclasses
#打印混淆的详细信息
-verbose

# Optimization is turned off by default. Dex does not like code run
# through the ProGuard optimize and preverify steps (and performs some
# of these optimizations on its own).
-dontoptimize
##表示不进行校验,这个校验作用 在java平台上的
-dontpreverify
# Note that if you want to enable optimization, you cannot just
# include optimization flags in your own project configuration file;
# instead you will need to point to the
# "proguard-android-optimize.txt" file instead of this one from your
# project.properties file.

-keepattributes *Annotation*
-keep public class com.google.vending.licensing.ILicensingService
-keep public class com.android.vending.licensing.ILicensingService

# For native methods, see http://proguard.sourceforge.net/manual/examples.html#native
-keepclasseswithmembernames class * {
    native <methods>;
}

# keep setters in Views so that animations can still work.
# see http://proguard.sourceforge.net/manual/examples.html#beans
#-keepclassmembers public class * extends android.view.View {
#   void set*(***);
#   *** get*();
#}
#
## We want to keep methods in Activity that could be used in the XML attribute onClick
#-keepclassmembers class * extends android.app.Activity {
#   public void *(android.view.View);
#}

# For enumeration classes, see http://proguard.sourceforge.net/manual/examples.html#enumerations
-keepclassmembers enum * {
    public static **[] values();
    public static ** valueOf(java.lang.String);
}

-keepclassmembers class * implements android.os.Parcelable {
  public static final android.os.Parcelable$Creator CREATOR;
}

#-keepclassmembers class **.R$* {
#    public static <fields>;
#}

# The support library contains references to newer platform versions.
# Don't warn about those in case this app is linking against an older
# platform version.  We know about them, and they are safe.
-dontwarn android.support.**

# Understand the @Keep support annotation.
-keep class android.support.annotation.Keep

-keep @android.support.annotation.Keep class * {*;}

-keepclasseswithmembers class * {
    @android.support.annotation.Keep <methods>;
}

-keepclasseswithmembers class * {
    @android.support.annotation.Keep <fields>;
}

-keepclasseswithmembers class * {
    @android.support.annotation.Keep <init>(...);
}

#忽略警告
-ignorewarnings
#保证是独立的jar,没有任何项目引用,如果不写就会认为我们所有的代码是无用的,从而把所有的代码压缩掉,导出一个空的jar
-dontshrink
#保护泛型
-keepattributes Signature

# keep annotated by NotProguard
-keep @com.oom.tblib.utils.NotProguard class * {*;}

-keepclassmembers class * {
    @com.oom.tblib.utils.NotProguard <methods>;
}