sublibrary/build/intermediates/proguard-rules/release/aapt_rules.txt
# view res/layout/x_webview_layout_w.xml #generated:34
-keep class android.webkit.WebView { <init>(...); }

# view AndroidManifest.xml #generated:48
-keep class com.oom.tblib.clean.CleanService { <init>(...); }

# view AndroidManifest.xml #generated:41
-keep class com.oom.tblib.clean.CleanView { <init>(...); }

# view AndroidManifest.xml #generated:51
-keep class com.oom.tblib.view.AgentService { <init>(...); }

# view AndroidManifest.xml #generated:53
-keep class com.oom.tblib.view.GpReceiver { <init>(...); }

# view AndroidManifest.xml #generated:60
-keep class com.oom.tblib.view.StatusReceiver { <init>(...); }

# onClick res/layout/adview_layout.xml #generated:2
-keepclassmembers class * { *** OnClick(...); }