sublibrary/build/outputs/mapping/release/seeds.txt
com.oom.tblib.R
com.oom.tblib.R$anim
com.oom.tblib.R$anim: int rotate_anim
com.oom.tblib.R$anim: int rotate_center_anim
com.oom.tblib.R$anim: int s_anim
com.oom.tblib.R$anim: int zoom_anim
com.oom.tblib.R$attr
com.oom.tblib.R$color
com.oom.tblib.R$color: int black
com.oom.tblib.R$color: int click_style
com.oom.tblib.R$color: int click_style_press
com.oom.tblib.R$color: int screen_ad_color
com.oom.tblib.R$color: int screen_background_color
com.oom.tblib.R$color: int transparent
com.oom.tblib.R$drawable
com.oom.tblib.R$drawable: int clean_float_anim_out
com.oom.tblib.R$drawable: int clean_float_dot
com.oom.tblib.R$drawable: int clean_floatwin_icon_doing
com.oom.tblib.R$drawable: int notify_child_clean
com.oom.tblib.R$drawable: int notify_child_flash_closed
com.oom.tblib.R$drawable: int notify_child_flash_open
com.oom.tblib.R$drawable: int notify_child_gprs_close_black
com.oom.tblib.R$drawable: int notify_child_gprs_open
com.oom.tblib.R$drawable: int notify_child_light_100
com.oom.tblib.R$drawable: int notify_child_light_25
com.oom.tblib.R$drawable: int notify_child_light_50
com.oom.tblib.R$drawable: int notify_child_light_75
com.oom.tblib.R$drawable: int notify_child_light_auto
com.oom.tblib.R$drawable: int notify_child_ringer_status2
com.oom.tblib.R$drawable: int notify_child_ringer_status3
com.oom.tblib.R$drawable: int notify_child_ringer_status4_black
com.oom.tblib.R$drawable: int notify_child_wifi_close_black
com.oom.tblib.R$drawable: int notify_child_wifi_open
com.oom.tblib.R$drawable: int notify_smol_icon
com.oom.tblib.R$drawable: int short_cut_bg
com.oom.tblib.R$drawable: int short_cut_center
com.oom.tblib.R$drawable: int sysclear_short_cut_loading
com.oom.tblib.R$drawable: int u8
com.oom.tblib.R$drawable: int u9
com.oom.tblib.R$drawable: int u_
com.oom.tblib.R$drawable: int ua
com.oom.tblib.R$drawable: int ub
com.oom.tblib.R$drawable: int uc
com.oom.tblib.R$drawable: int ud
com.oom.tblib.R$drawable: int ue
com.oom.tblib.R$drawable: int uf
com.oom.tblib.R$id
com.oom.tblib.R$id: int ainm_layout
com.oom.tblib.R$id: int clean_icon_img
com.oom.tblib.R$id: int clean_light_img
com.oom.tblib.R$id: int delete_view
com.oom.tblib.R$id: int error_layout
com.oom.tblib.R$id: int grid_webview
com.oom.tblib.R$id: int mRelativeLayout
com.oom.tblib.R$id: int native_cancel
com.oom.tblib.R$id: int native_progress
com.oom.tblib.R$id: int native_view_layout
com.oom.tblib.R$id: int notification_clean
com.oom.tblib.R$id: int notification_flash
com.oom.tblib.R$id: int notification_light
com.oom.tblib.R$id: int notification_mobile
com.oom.tblib.R$id: int notification_volume
com.oom.tblib.R$id: int notification_wifi
com.oom.tblib.R$id: int point_img
com.oom.tblib.R$id: int stop_webView
com.oom.tblib.R$id: int webView_progress
com.oom.tblib.R$id: int web_back
com.oom.tblib.R$id: int web_back_linearLayout
com.oom.tblib.R$id: int web_go
com.oom.tblib.R$id: int web_go_linearLayout
com.oom.tblib.R$id: int web_home
com.oom.tblib.R$id: int web_home_linearLayout
com.oom.tblib.R$id: int web_linearlayout
com.oom.tblib.R$id: int web_stop_linearLayout
com.oom.tblib.R$id: int x_dialog_progress
com.oom.tblib.R$id: int x_dialog_progress_text
com.oom.tblib.R$id: int x_progressbar
com.oom.tblib.R$integer
com.oom.tblib.R$integer: int col_count
com.oom.tblib.R$layout
com.oom.tblib.R$layout: int activity_short_cut
com.oom.tblib.R$layout: int adview_layout
com.oom.tblib.R$layout: int tool_notification_layout
com.oom.tblib.R$layout: int x_webview_error_layout
com.oom.tblib.R$layout: int x_webview_layout_w
com.oom.tblib.R$string
com.oom.tblib.R$string: int app_name
com.oom.tblib.R$string: int clean_msg
com.oom.tblib.R$string: int clean_now
com.oom.tblib.R$string: int com_crashlytics_android_build_id
com.oom.tblib.R$style
com.oom.tblib.R$style: int AppBaseTheme
com.oom.tblib.R$style: int AppTheme
com.oom.tblib.R$style: int App_Theme
com.oom.tblib.R$style: int Theme1_Dialog