sublibrary/build/outputs/mapping/release/mapping.txt
com.oom.tblib.BuildConfig -> com.oom.tblib.a:
    boolean DEBUG -> a
    java.lang.String APPLICATION_ID -> b
    java.lang.String BUILD_TYPE -> c
    java.lang.String FLAVOR -> d
    int VERSION_CODE -> e
    java.lang.String VERSION_NAME -> f
    void <init>() -> <init>
com.oom.tblib.R -> com.oom.tblib.R:
    void <init>() -> <init>
com.oom.tblib.R$anim -> com.oom.tblib.R$anim:
    int rotate_anim -> rotate_anim
    int rotate_center_anim -> rotate_center_anim
    int s_anim -> s_anim
    int zoom_anim -> zoom_anim
    void <init>() -> <init>
    void <clinit>() -> <clinit>
com.oom.tblib.R$attr -> com.oom.tblib.R$attr:
    void <init>() -> <init>
com.oom.tblib.R$color -> com.oom.tblib.R$color:
    int black -> black
    int click_style -> click_style
    int click_style_press -> click_style_press
    int screen_ad_color -> screen_ad_color
    int screen_background_color -> screen_background_color
    int transparent -> transparent
    void <init>() -> <init>
    void <clinit>() -> <clinit>
com.oom.tblib.R$drawable -> com.oom.tblib.R$drawable:
    int clean_float_anim_out -> clean_float_anim_out
    int clean_float_dot -> clean_float_dot
    int clean_floatwin_icon_doing -> clean_floatwin_icon_doing
    int notify_child_clean -> notify_child_clean
    int notify_child_flash_closed -> notify_child_flash_closed
    int notify_child_flash_open -> notify_child_flash_open
    int notify_child_gprs_close_black -> notify_child_gprs_close_black
    int notify_child_gprs_open -> notify_child_gprs_open
    int notify_child_light_100 -> notify_child_light_100
    int notify_child_light_25 -> notify_child_light_25
    int notify_child_light_50 -> notify_child_light_50
    int notify_child_light_75 -> notify_child_light_75
    int notify_child_light_auto -> notify_child_light_auto
    int notify_child_ringer_status2 -> notify_child_ringer_status2
    int notify_child_ringer_status3 -> notify_child_ringer_status3
    int notify_child_ringer_status4_black -> notify_child_ringer_status4_black
    int notify_child_wifi_close_black -> notify_child_wifi_close_black
    int notify_child_wifi_open -> notify_child_wifi_open
    int notify_smol_icon -> notify_smol_icon
    int short_cut_bg -> short_cut_bg
    int short_cut_center -> short_cut_center
    int sysclear_short_cut_loading -> sysclear_short_cut_loading
    int u8 -> u8
    int u9 -> u9
    int u_ -> u_
    int ua -> ua
    int ub -> ub
    int uc -> uc
    int ud -> ud
    int ue -> ue
    int uf -> uf
    int ug -> ug
com.oom.tblib.R$id -> com.oom.tblib.R$id:
    int ainm_layout -> ainm_layout
    int clean_icon_img -> clean_icon_img
    int clean_light_img -> clean_light_img
    int delete_view -> delete_view
    int error_layout -> error_layout
    int grid_webview -> grid_webview
    int mRelativeLayout -> mRelativeLayout
    int native_cancel -> native_cancel
    int native_progress -> native_progress
    int native_view_layout -> native_view_layout
    int notification_clean -> notification_clean
    int notification_flash -> notification_flash
    int notification_light -> notification_light
    int notification_mobile -> notification_mobile
    int notification_volume -> notification_volume
    int notification_wifi -> notification_wifi
    int point_img -> point_img
    int stop_webView -> stop_webView
    int webView_progress -> webView_progress
    int web_back -> web_back
    int web_back_linearLayout -> web_back_linearLayout
    int web_go -> web_go
    int web_go_linearLayout -> web_go_linearLayout
    int web_home -> web_home
    int web_home_linearLayout -> web_home_linearLayout
    int web_linearlayout -> web_linearlayout
    int web_stop_linearLayout -> web_stop_linearLayout
    int x_dialog_progress -> x_dialog_progress
    int x_dialog_progress_text -> x_dialog_progress_text
    int x_progressbar -> x_progressbar
    void <init>() -> <init>
    void <clinit>() -> <clinit>